<?xml version="1.0" encoding="UTF-8"?>
<!-- Generated by org.testng.reporters.JUnitReportReporter -->
<testsuite skipped="0" hostname="DESKTOP-LAO6R8V" name="gov.uk.check.visa.testsuite.VisaConformationTest" tests="3" failures="0" timestamp="2022-12-15T20:41:16 GMT" time="26.042" errors="0">
  <testcase name="anAustralianComingToUKForTourism" time="5.168" classname="gov.uk.check.visa.testsuite.VisaConformationTest"/>
  <system-out/>
  <testcase name="aColumbianNationalComingToTheUKToJoinAPartnerForALongStayTheyDoHaveAnArticle10Or20Card" time="5.617" classname="gov.uk.check.visa.testsuite.VisaConformationTest"/>
  <system-out/>
  <testcase name="aChileanComingToTheUKForWorkAndPlansOnStayingForLongerThanSixMonths" time="15.257" classname="gov.uk.check.visa.testsuite.VisaConformationTest"/>
  <system-out/>
</testsuite> <!-- gov.uk.check.visa.testsuite.VisaConformationTest -->
